<?xml version="1.0" encoding="UTF-8"?>
<testsuite name="com.girfalco.driverapp.repository.LoginRepositoryTest" tests="1" skipped="0" failures="0" errors="0" timestamp="2025-10-21T15:57:39" hostname="RYZENPC" time="0.182">
  <properties/>
  <testcase name="login success returns response" classname="com.girfalco.driverapp.repository.LoginRepositoryTest" time="0.182"/>
  <system-out><![CDATA[]]></system-out>
  <system-err><![CDATA[]]></system-err>
</testsuite>
